[2025-10-14 20:07:19] Default configuration created at /home/cgeorgel/Scripts/utils/process_monitor.conf
[2025-10-14 20:07:24] Default whitelist created at /home/cgeorgel/Scripts/utils/whitelist.txt
[2025-10-14 20:07:34] Configuration loaded from /home/cgeorgel/Scripts/utils/process_monitor.conf
[2025-10-14 20:07:34] Starting process monitoring scan at 2025-10-14 20:07:34
[2025-10-14 20:07:34] Checking CPU usage...
[2025-10-14 20:07:34] Checking memory usage...
[2025-10-14 20:07:34] Checking for suspicious processes...
[2025-10-14 20:07:34] [MEDIUM] Suspicious process detected: nc (PID: 5, Age: 7-08:15:58)
[2025-10-14 20:07:34] [MEDIUM] Suspicious process detected: nc (PID: 1096, Age: 7-08:15:44)
[2025-10-14 20:07:34] [MEDIUM] Suspicious process detected: nc (PID: 1102, Age: 7-08:15:44)
[2025-10-14 20:07:34] [MEDIUM] Suspicious process detected: nc (PID: 3083, Age: 7-08:15:33)
[2025-10-14 20:07:34] [MEDIUM] Suspicious process detected: nc (PID: 3257, Age: 7-08:15:32)
[2025-10-14 20:07:34] [MEDIUM] Suspicious process detected: nc (PID: 3263, Age: 7-08:15:32)
[2025-10-14 20:07:34] [MEDIUM] Suspicious process detected: nc (PID: 41575, Age: 7-05:52:14)
[2025-10-14 20:07:34] [MEDIUM] Suspicious process detected: nc (PID: 41613, Age: 7-05:52:14)
[2025-10-14 20:07:34] [MEDIUM] Suspicious process detected: nc (PID: 41645, Age: 7-05:52:14)
[2025-10-14 20:07:34] [MEDIUM] Suspicious process detected: nc (PID: 41680, Age: 7-05:52:14)
[2025-10-14 20:07:34] [MEDIUM] Suspicious process detected: nc (PID: 41712, Age: 7-05:52:14)
[2025-10-14 20:07:35] [MEDIUM] Suspicious process detected: nc (PID: 386369, Age: 6-07:53:05)
[2025-10-14 20:07:35] [MEDIUM] Suspicious process detected: nc (PID: 386566, Age: 6-07:53:03)
[2025-10-14 20:07:35] [MEDIUM] Suspicious process detected: nc (PID: 386720, Age: 6-07:52:59)
[2025-10-14 20:07:35] [MEDIUM] Suspicious process detected: nc (PID: 386739, Age: 6-07:52:59)
[2025-10-14 20:07:35] [MEDIUM] Suspicious process detected: nc (PID: 733294, Age: 5-06:49:21)
[2025-10-14 20:07:35] [MEDIUM] Suspicious process detected: nc (PID: 2495966, Age: 04:14:14)
[2025-10-14 20:07:35] [MEDIUM] Suspicious process detected: nc (PID: 2501376, Age: 04:03:40)
[2025-10-14 20:07:35] [MEDIUM] Suspicious process detected: nc (PID: 2501444, Age: 04:03:39)
[2025-10-14 20:07:35] [MEDIUM] Suspicious process detected: nc (PID: 2502595, Age: 04:01:31)
[2025-10-14 20:07:35] [MEDIUM] Suspicious process detected: nc (PID: 2502627, Age: 04:01:30)
[2025-10-14 20:07:35] [MEDIUM] Suspicious process detected: nc (PID: 2502637, Age: 04:01:30)
[2025-10-14 20:07:35] [MEDIUM] Suspicious process detected: nc (PID: 2508394, Age: 03:49:33)
[2025-10-14 20:07:35] [MEDIUM] Suspicious process detected: nc (PID: 2609040, Age: 02:41)
[2025-10-14 20:07:35] [MEDIUM] Suspicious process detected: python (PID: 1222, Age: 7-08:15:44)
[2025-10-14 20:07:35] [MEDIUM] Suspicious process detected: python (PID: 1334, Age: 7-08:15:43)
[2025-10-14 20:07:35] [MEDIUM] Suspicious process detected: python (PID: 1429, Age: 7-08:15:43)
[2025-10-14 20:07:35] [MEDIUM] Suspicious process detected: python (PID: 5571, Age: 7-08:15:02)
[2025-10-14 20:07:35] [MEDIUM] Suspicious process detected: python (PID: 41745, Age: 7-05:52:14)
[2025-10-14 20:07:35] [MEDIUM] Suspicious process detected: python (PID: 63011, Age: 7-05:08:55)
[2025-10-14 20:07:35] [MEDIUM] Suspicious process detected: php (PID: 41759, Age: 7-05:52:14)
[2025-10-14 20:07:35] [MEDIUM] Suspicious process detected: php (PID: 42019, Age: 7-05:52:14)
[2025-10-14 20:07:35] [MEDIUM] Suspicious process detected: php (PID: 145208, Age: 7-02:08:33)
[2025-10-14 20:07:35] [MEDIUM] Suspicious process detected: php (PID: 169228, Age: 7-01:17:51)
[2025-10-14 20:07:35] [MEDIUM] Suspicious process detected: php (PID: 2281587, Age: 15:04:21)
[2025-10-14 20:07:35] [MEDIUM] Suspicious process detected: php (PID: 2495944, Age: 04:14:15)
[2025-10-14 20:07:35] [MEDIUM] Suspicious process detected: php (PID: 2495966, Age: 04:14:15)
[2025-10-14 20:07:35] [MEDIUM] Suspicious process detected: bash (PID: 43626, Age: 7-05:50:00)
[2025-10-14 20:07:35] [MEDIUM] Suspicious process detected: bash (PID: 43647, Age: 7-05:50:00)
[2025-10-14 20:07:35] [MEDIUM] Suspicious process detected: sh (PID: 7, Age: 7-08:15:59)
[2025-10-14 20:07:35] [MEDIUM] Suspicious process detected: sh (PID: 1028, Age: 7-08:15:45)
[2025-10-14 20:07:35] [MEDIUM] Suspicious process detected: sh (PID: 3216, Age: 7-08:15:33)
[2025-10-14 20:07:35] [MEDIUM] Suspicious process detected: sh (PID: 3263, Age: 7-08:15:33)
[2025-10-14 20:07:35] [MEDIUM] Suspicious process detected: sh (PID: 3286, Age: 7-08:15:33)
[2025-10-14 20:07:35] [MEDIUM] Suspicious process detected: sh (PID: 3316, Age: 7-08:15:33)
[2025-10-14 20:07:35] [MEDIUM] Suspicious process detected: sh (PID: 3380, Age: 7-08:15:32)
[2025-10-14 20:07:35] [MEDIUM] Suspicious process detected: sh (PID: 3550, Age: 7-08:15:32)
[2025-10-14 20:07:35] [MEDIUM] Suspicious process detected: sh (PID: 3858, Age: 7-08:15:32)
[2025-10-14 20:07:35] [MEDIUM] Suspicious process detected: sh (PID: 4282, Age: 7-08:15:30)
[2025-10-14 20:07:35] [MEDIUM] Suspicious process detected: sh (PID: 5571, Age: 7-08:15:02)
[2025-10-14 20:07:35] [MEDIUM] Suspicious process detected: sh (PID: 6508, Age: 7-08:14:30)
[2025-10-14 20:07:35] [MEDIUM] Suspicious process detected: sh (PID: 11226, Age: 7-07:58:46)
[2025-10-14 20:07:35] [MEDIUM] Suspicious process detected: sh (PID: 13048, Age: 7-07:54:28)
[2025-10-14 20:07:35] [MEDIUM] Suspicious process detected: sh (PID: 36466, Age: 7-06:09:36)
[2025-10-14 20:07:35] [MEDIUM] Suspicious process detected: sh (PID: 41575, Age: 7-05:52:15)
[2025-10-14 20:07:35] [MEDIUM] Suspicious process detected: sh (PID: 41613, Age: 7-05:52:15)
[2025-10-14 20:07:35] [MEDIUM] Suspicious process detected: sh (PID: 41645, Age: 7-05:52:15)
[2025-10-14 20:07:35] [MEDIUM] Suspicious process detected: sh (PID: 41680, Age: 7-05:52:15)
[2025-10-14 20:07:35] [MEDIUM] Suspicious process detected: sh (PID: 41712, Age: 7-05:52:15)
[2025-10-14 20:07:36] [MEDIUM] Suspicious process detected: sh (PID: 42160, Age: 7-05:52:13)
[2025-10-14 20:07:36] [MEDIUM] Suspicious process detected: sh (PID: 42258, Age: 7-05:52:00)
[2025-10-14 20:07:36] [MEDIUM] Suspicious process detected: sh (PID: 43626, Age: 7-05:50:00)
[2025-10-14 20:07:36] [MEDIUM] Suspicious process detected: sh (PID: 43647, Age: 7-05:50:00)
[2025-10-14 20:07:36] [MEDIUM] Suspicious process detected: sh (PID: 386323, Age: 6-07:53:07)
[2025-10-14 20:07:36] [MEDIUM] Suspicious process detected: sh (PID: 386325, Age: 6-07:53:07)
[2025-10-14 20:07:36] [MEDIUM] Suspicious process detected: sh (PID: 386331, Age: 6-07:53:07)
[2025-10-14 20:07:36] [MEDIUM] Suspicious process detected: sh (PID: 386332, Age: 6-07:53:07)
[2025-10-14 20:07:36] [MEDIUM] Suspicious process detected: sh (PID: 386337, Age: 6-07:53:07)
[2025-10-14 20:07:36] [MEDIUM] Suspicious process detected: sh (PID: 386369, Age: 6-07:53:07)
[2025-10-14 20:07:36] [MEDIUM] Suspicious process detected: sh (PID: 386371, Age: 6-07:53:07)
[2025-10-14 20:07:36] [MEDIUM] Suspicious process detected: sh (PID: 386383, Age: 6-07:53:07)
[2025-10-14 20:07:36] [MEDIUM] Suspicious process detected: sh (PID: 386566, Age: 6-07:53:04)
[2025-10-14 20:07:36] [MEDIUM] Suspicious process detected: sh (PID: 386644, Age: 6-07:53:02)
[2025-10-14 20:07:36] [MEDIUM] Suspicious process detected: sh (PID: 386720, Age: 6-07:53:00)
[2025-10-14 20:07:36] [MEDIUM] Suspicious process detected: sh (PID: 386739, Age: 6-07:53:00)
[2025-10-14 20:07:36] [MEDIUM] Suspicious process detected: sh (PID: 441658, Age: 6-05:30:07)
[2025-10-14 20:07:36] [MEDIUM] Suspicious process detected: sh (PID: 470955, Age: 6-04:28:56)
[2025-10-14 20:07:36] [MEDIUM] Suspicious process detected: sh (PID: 504218, Age: 6-03:25:06)
[2025-10-14 20:07:36] [MEDIUM] Suspicious process detected: sh (PID: 733294, Age: 5-06:49:23)
[2025-10-14 20:07:36] [MEDIUM] Suspicious process detected: sh (PID: 1088587, Age: 4-08:26:41)
[2025-10-14 20:07:36] [MEDIUM] Suspicious process detected: sh (PID: 1219786, Age: 4-03:51:49)
[2025-10-14 20:07:36] [MEDIUM] Suspicious process detected: sh (PID: 1502714, Age: 3-08:03:54)
[2025-10-14 20:07:36] [MEDIUM] Suspicious process detected: sh (PID: 1502745, Age: 3-08:03:54)
[2025-10-14 20:07:36] [MEDIUM] Suspicious process detected: sh (PID: 2281281, Age: 15:05:03)
[2025-10-14 20:07:36] [MEDIUM] Suspicious process detected: sh (PID: 2281587, Age: 15:04:21)
[2025-10-14 20:07:36] [MEDIUM] Suspicious process detected: sh (PID: 2293286, Age: 14:37:53)
[2025-10-14 20:07:36] [MEDIUM] Suspicious process detected: sh (PID: 2299939, Age: 14:25:32)
[2025-10-14 20:07:36] [MEDIUM] Suspicious process detected: sh (PID: 2384385, Age: 09:54:25)
[2025-10-14 20:07:36] [MEDIUM] Suspicious process detected: sh (PID: 2384556, Age: 09:54:24)
[2025-10-14 20:07:36] [MEDIUM] Suspicious process detected: sh (PID: 2478424, Age: 04:52:32)
[2025-10-14 20:07:36] [MEDIUM] Suspicious process detected: sh (PID: 2478502, Age: 04:52:27)
[2025-10-14 20:07:36] [MEDIUM] Suspicious process detected: sh (PID: 2495971, Age: 04:14:14)
[2025-10-14 20:07:36] [MEDIUM] Suspicious process detected: sh (PID: 2496039, Age: 04:14:04)
[2025-10-14 20:07:36] [MEDIUM] Suspicious process detected: sh (PID: 2501327, Age: 04:03:41)
[2025-10-14 20:07:36] [MEDIUM] Suspicious process detected: sh (PID: 2501349, Age: 04:03:41)
[2025-10-14 20:07:36] [MEDIUM] Suspicious process detected: sh (PID: 2501350, Age: 04:03:41)
[2025-10-14 20:07:36] [MEDIUM] Suspicious process detected: sh (PID: 2501433, Age: 04:03:41)
[2025-10-14 20:07:36] [MEDIUM] Suspicious process detected: sh (PID: 2501444, Age: 04:03:41)
[2025-10-14 20:07:36] [MEDIUM] Suspicious process detected: sh (PID: 2502595, Age: 04:01:33)
[2025-10-14 20:07:36] [MEDIUM] Suspicious process detected: sh (PID: 2502627, Age: 04:01:32)
[2025-10-14 20:07:36] [MEDIUM] Suspicious process detected: sh (PID: 2502637, Age: 04:01:31)
[2025-10-14 20:07:36] [MEDIUM] Suspicious process detected: sh (PID: 2508394, Age: 03:49:35)
[2025-10-14 20:07:36] [MEDIUM] Suspicious process detected: sh (PID: 2520147, Age: 03:22:34)
[2025-10-14 20:07:36] [MEDIUM] Suspicious process detected: sh (PID: 2532151, Age: 03:02:10)
[2025-10-14 20:07:36] [MEDIUM] Suspicious process detected: sh (PID: 2587799, Age: 55:54)
[2025-10-14 20:07:36] [MEDIUM] Suspicious process detected: sh (PID: 2607370, Age: 04:46)
[2025-10-14 20:07:36] [MEDIUM] Suspicious process detected: sh (PID: 2607657, Age: 04:32)
[2025-10-14 20:07:36] [MEDIUM] Suspicious process detected: sh (PID: 2608100, Age: 03:46)
[2025-10-14 20:07:36] [MEDIUM] Suspicious process detected: sh (PID: 2609040, Age: 02:43)
[2025-10-14 20:07:36] [MEDIUM] Suspicious process detected: zsh (PID: 6508, Age: 7-08:14:31)
[2025-10-14 20:07:37] [MEDIUM] Suspicious process detected: zsh (PID: 13048, Age: 7-07:54:30)
[2025-10-14 20:07:37] [MEDIUM] Suspicious process detected: zsh (PID: 42258, Age: 7-05:52:01)
[2025-10-14 20:07:37] [MEDIUM] Suspicious process detected: zsh (PID: 441658, Age: 6-05:30:08)
[2025-10-14 20:07:37] [MEDIUM] Suspicious process detected: zsh (PID: 470955, Age: 6-04:28:57)
[2025-10-14 20:07:37] [MEDIUM] Suspicious process detected: zsh (PID: 504218, Age: 6-03:25:07)
[2025-10-14 20:07:37] [MEDIUM] Suspicious process detected: zsh (PID: 1088587, Age: 4-08:26:41)
[2025-10-14 20:07:37] [MEDIUM] Suspicious process detected: zsh (PID: 1219786, Age: 4-03:51:50)
[2025-10-14 20:07:37] [MEDIUM] Suspicious process detected: zsh (PID: 2293286, Age: 14:37:54)
[2025-10-14 20:07:37] [MEDIUM] Suspicious process detected: zsh (PID: 2478424, Age: 04:52:33)
[2025-10-14 20:07:37] [MEDIUM] Suspicious process detected: zsh (PID: 2520147, Age: 03:22:34)
[2025-10-14 20:07:37] [MEDIUM] Suspicious process detected: zsh (PID: 2532151, Age: 03:02:10)
[2025-10-14 20:07:37] [MEDIUM] Suspicious process detected: zsh (PID: 2607370, Age: 04:46)
[2025-10-14 20:07:37] Checking network connections...
[2025-10-14 20:11:37] Configuration loaded from /home/cgeorgel/Scripts/utils/process_monitor.conf
[2025-10-14 20:11:37] Starting process monitoring scan at 2025-10-14 20:11:37
[2025-10-14 20:11:37] Checking CPU usage...
[2025-10-14 20:11:37] Checking memory usage...
[2025-10-14 20:11:37] Checking for suspicious processes...
[2025-10-14 20:11:37] [MEDIUM] Suspicious process detected: nc (PID: 5, Age: 7-08:20:00)
[2025-10-14 20:11:37] [MEDIUM] Suspicious process detected: nc (PID: 1096, Age: 7-08:19:46)
[2025-10-14 20:11:37] [MEDIUM] Suspicious process detected: nc (PID: 1102, Age: 7-08:19:46)
[2025-10-14 20:11:37] [MEDIUM] Suspicious process detected: nc (PID: 3083, Age: 7-08:19:35)
[2025-10-14 20:11:37] [MEDIUM] Suspicious process detected: nc (PID: 3257, Age: 7-08:19:35)
[2025-10-14 20:11:37] [MEDIUM] Suspicious process detected: nc (PID: 3263, Age: 7-08:19:35)
[2025-10-14 20:11:37] [MEDIUM] Suspicious process detected: nc (PID: 41575, Age: 7-05:56:16)
[2025-10-14 20:11:37] [MEDIUM] Suspicious process detected: nc (PID: 41613, Age: 7-05:56:16)
[2025-10-14 20:11:37] [MEDIUM] Suspicious process detected: nc (PID: 41645, Age: 7-05:56:16)
[2025-10-14 20:11:37] [MEDIUM] Suspicious process detected: nc (PID: 41680, Age: 7-05:56:16)
[2025-10-14 20:11:37] [MEDIUM] Suspicious process detected: nc (PID: 41712, Age: 7-05:56:16)
[2025-10-14 20:11:37] [MEDIUM] Suspicious process detected: nc (PID: 386369, Age: 6-07:57:08)
[2025-10-14 20:11:37] [MEDIUM] Suspicious process detected: nc (PID: 386566, Age: 6-07:57:06)
[2025-10-14 20:11:37] [MEDIUM] Suspicious process detected: nc (PID: 386720, Age: 6-07:57:02)
[2025-10-14 20:11:37] [MEDIUM] Suspicious process detected: nc (PID: 386739, Age: 6-07:57:01)
[2025-10-14 20:11:37] [MEDIUM] Suspicious process detected: nc (PID: 733294, Age: 5-06:53:24)
[2025-10-14 20:11:37] [MEDIUM] Suspicious process detected: nc (PID: 2495966, Age: 04:18:17)
[2025-10-14 20:11:37] [MEDIUM] Suspicious process detected: nc (PID: 2501376, Age: 04:07:42)
[2025-10-14 20:11:37] [MEDIUM] Suspicious process detected: nc (PID: 2501444, Age: 04:07:42)
[2025-10-14 20:11:37] [MEDIUM] Suspicious process detected: nc (PID: 2502595, Age: 04:05:34)
[2025-10-14 20:11:37] [MEDIUM] Suspicious process detected: nc (PID: 2502627, Age: 04:05:33)
[2025-10-14 20:11:37] [MEDIUM] Suspicious process detected: nc (PID: 2502637, Age: 04:05:32)
[2025-10-14 20:11:37] [MEDIUM] Suspicious process detected: nc (PID: 2508394, Age: 03:53:36)
[2025-10-14 20:11:37] [MEDIUM] Suspicious process detected: nc (PID: 2614258, Age: 01:44)
[2025-10-14 20:11:38] [MEDIUM] Suspicious process detected: python (PID: 1222, Age: 7-08:19:47)
[2025-10-14 20:11:38] [MEDIUM] Suspicious process detected: python (PID: 1334, Age: 7-08:19:46)
[2025-10-14 20:11:38] [MEDIUM] Suspicious process detected: python (PID: 1429, Age: 7-08:19:46)
[2025-10-14 20:11:38] [MEDIUM] Suspicious process detected: python (PID: 5571, Age: 7-08:19:04)
[2025-10-14 20:11:38] [MEDIUM] Suspicious process detected: python (PID: 41745, Age: 7-05:56:17)
[2025-10-14 20:11:38] [MEDIUM] Suspicious process detected: python (PID: 63011, Age: 7-05:12:58)
[2025-10-14 20:11:38] [MEDIUM] Suspicious process detected: php (PID: 41759, Age: 7-05:56:17)
[2025-10-14 20:11:38] [MEDIUM] Suspicious process detected: php (PID: 42019, Age: 7-05:56:17)
[2025-10-14 20:11:38] [MEDIUM] Suspicious process detected: php (PID: 145208, Age: 7-02:12:35)
[2025-10-14 20:11:38] [MEDIUM] Suspicious process detected: php (PID: 169228, Age: 7-01:21:53)
[2025-10-14 20:11:38] [MEDIUM] Suspicious process detected: php (PID: 2281587, Age: 15:08:23)
[2025-10-14 20:11:38] [MEDIUM] Suspicious process detected: php (PID: 2495944, Age: 04:18:18)
[2025-10-14 20:11:38] [MEDIUM] Suspicious process detected: php (PID: 2495966, Age: 04:18:17)
[2025-10-14 20:11:38] [MEDIUM] Suspicious process detected: bash (PID: 43626, Age: 7-05:54:03)
[2025-10-14 20:11:38] [MEDIUM] Suspicious process detected: bash (PID: 43647, Age: 7-05:54:03)
[2025-10-14 20:11:38] [MEDIUM] Suspicious process detected: sh (PID: 7, Age: 7-08:20:01)
[2025-10-14 20:11:38] [MEDIUM] Suspicious process detected: sh (PID: 1028, Age: 7-08:19:48)
[2025-10-14 20:11:38] [MEDIUM] Suspicious process detected: sh (PID: 3216, Age: 7-08:19:36)
[2025-10-14 20:11:38] [MEDIUM] Suspicious process detected: sh (PID: 3263, Age: 7-08:19:36)
[2025-10-14 20:11:38] [MEDIUM] Suspicious process detected: sh (PID: 3286, Age: 7-08:19:35)
[2025-10-14 20:11:38] [MEDIUM] Suspicious process detected: sh (PID: 3316, Age: 7-08:19:35)
[2025-10-14 20:11:38] [MEDIUM] Suspicious process detected: sh (PID: 3380, Age: 7-08:19:35)
[2025-10-14 20:11:38] [MEDIUM] Suspicious process detected: sh (PID: 3550, Age: 7-08:19:35)
[2025-10-14 20:11:38] [MEDIUM] Suspicious process detected: sh (PID: 3858, Age: 7-08:19:35)
[2025-10-14 20:11:38] [MEDIUM] Suspicious process detected: sh (PID: 4282, Age: 7-08:19:33)
[2025-10-14 20:11:38] [MEDIUM] Suspicious process detected: sh (PID: 5571, Age: 7-08:19:05)
[2025-10-14 20:11:38] [MEDIUM] Suspicious process detected: sh (PID: 6508, Age: 7-08:18:32)
[2025-10-14 20:11:38] [MEDIUM] Suspicious process detected: sh (PID: 11226, Age: 7-08:02:49)
[2025-10-14 20:11:38] [MEDIUM] Suspicious process detected: sh (PID: 13048, Age: 7-07:58:31)
[2025-10-14 20:11:38] [MEDIUM] Suspicious process detected: sh (PID: 36466, Age: 7-06:13:39)
[2025-10-14 20:11:38] [MEDIUM] Suspicious process detected: sh (PID: 41575, Age: 7-05:56:17)
[2025-10-14 20:11:38] [MEDIUM] Suspicious process detected: sh (PID: 41613, Age: 7-05:56:17)
[2025-10-14 20:11:38] [MEDIUM] Suspicious process detected: sh (PID: 41645, Age: 7-05:56:17)
[2025-10-14 20:11:38] [MEDIUM] Suspicious process detected: sh (PID: 41680, Age: 7-05:56:17)
[2025-10-14 20:11:38] [MEDIUM] Suspicious process detected: sh (PID: 41712, Age: 7-05:56:17)
[2025-10-14 20:11:38] [MEDIUM] Suspicious process detected: sh (PID: 42160, Age: 7-05:56:16)
[2025-10-14 20:11:38] [MEDIUM] Suspicious process detected: sh (PID: 42258, Age: 7-05:56:03)
[2025-10-14 20:11:38] [MEDIUM] Suspicious process detected: sh (PID: 43626, Age: 7-05:54:03)
[2025-10-14 20:11:38] [MEDIUM] Suspicious process detected: sh (PID: 43647, Age: 7-05:54:03)
[2025-10-14 20:11:38] [MEDIUM] Suspicious process detected: sh (PID: 386323, Age: 6-07:57:09)
[2025-10-14 20:11:38] [MEDIUM] Suspicious process detected: sh (PID: 386325, Age: 6-07:57:09)
[2025-10-14 20:11:38] [MEDIUM] Suspicious process detected: sh (PID: 386331, Age: 6-07:57:10)
[2025-10-14 20:11:38] [MEDIUM] Suspicious process detected: sh (PID: 386332, Age: 6-07:57:10)
[2025-10-14 20:11:38] [MEDIUM] Suspicious process detected: sh (PID: 386337, Age: 6-07:57:10)
[2025-10-14 20:11:38] [MEDIUM] Suspicious process detected: sh (PID: 386369, Age: 6-07:57:09)
[2025-10-14 20:11:38] [MEDIUM] Suspicious process detected: sh (PID: 386371, Age: 6-07:57:09)
[2025-10-14 20:11:38] [MEDIUM] Suspicious process detected: sh (PID: 386383, Age: 6-07:57:09)
[2025-10-14 20:11:38] [MEDIUM] Suspicious process detected: sh (PID: 386566, Age: 6-07:57:07)
[2025-10-14 20:11:39] [MEDIUM] Suspicious process detected: sh (PID: 386644, Age: 6-07:57:04)
[2025-10-14 20:11:39] [MEDIUM] Suspicious process detected: sh (PID: 386720, Age: 6-07:57:03)
[2025-10-14 20:11:39] [MEDIUM] Suspicious process detected: sh (PID: 386739, Age: 6-07:57:03)
[2025-10-14 20:11:39] [MEDIUM] Suspicious process detected: sh (PID: 441658, Age: 6-05:34:10)
[2025-10-14 20:11:39] [MEDIUM] Suspicious process detected: sh (PID: 470955, Age: 6-04:32:59)
[2025-10-14 20:11:39] [MEDIUM] Suspicious process detected: sh (PID: 504218, Age: 6-03:29:09)
[2025-10-14 20:11:39] [MEDIUM] Suspicious process detected: sh (PID: 733294, Age: 5-06:53:25)
[2025-10-14 20:11:39] [MEDIUM] Suspicious process detected: sh (PID: 1088587, Age: 4-08:30:44)
[2025-10-14 20:11:39] [MEDIUM] Suspicious process detected: sh (PID: 1219786, Age: 4-03:55:52)
[2025-10-14 20:11:39] [MEDIUM] Suspicious process detected: sh (PID: 1502714, Age: 3-08:07:56)
[2025-10-14 20:11:39] [MEDIUM] Suspicious process detected: sh (PID: 1502745, Age: 3-08:07:56)
[2025-10-14 20:11:39] [MEDIUM] Suspicious process detected: sh (PID: 2281281, Age: 15:09:06)
[2025-10-14 20:11:39] [MEDIUM] Suspicious process detected: sh (PID: 2281587, Age: 15:08:24)
[2025-10-14 20:11:39] [MEDIUM] Suspicious process detected: sh (PID: 2293286, Age: 14:41:56)
[2025-10-14 20:11:39] [MEDIUM] Suspicious process detected: sh (PID: 2299939, Age: 14:29:35)
[2025-10-14 20:11:39] [MEDIUM] Suspicious process detected: sh (PID: 2384385, Age: 09:58:28)
[2025-10-14 20:11:39] [MEDIUM] Suspicious process detected: sh (PID: 2384556, Age: 09:58:27)
[2025-10-14 20:11:39] [MEDIUM] Suspicious process detected: sh (PID: 2478424, Age: 04:56:35)
[2025-10-14 20:11:39] [MEDIUM] Suspicious process detected: sh (PID: 2478502, Age: 04:56:30)
[2025-10-14 20:11:39] [MEDIUM] Suspicious process detected: sh (PID: 2495971, Age: 04:18:17)
[2025-10-14 20:11:39] [MEDIUM] Suspicious process detected: sh (PID: 2496039, Age: 04:18:07)
[2025-10-14 20:11:39] [MEDIUM] Suspicious process detected: sh (PID: 2501327, Age: 04:07:44)
[2025-10-14 20:11:39] [MEDIUM] Suspicious process detected: sh (PID: 2501349, Age: 04:07:44)
[2025-10-14 20:11:39] [MEDIUM] Suspicious process detected: sh (PID: 2501350, Age: 04:07:44)
[2025-10-14 20:11:39] [MEDIUM] Suspicious process detected: sh (PID: 2501433, Age: 04:07:44)
[2025-10-14 20:11:39] [MEDIUM] Suspicious process detected: sh (PID: 2501444, Age: 04:07:44)
[2025-10-14 20:11:39] [MEDIUM] Suspicious process detected: sh (PID: 2502595, Age: 04:05:36)
[2025-10-14 20:11:39] [MEDIUM] Suspicious process detected: sh (PID: 2502627, Age: 04:05:35)
[2025-10-14 20:11:39] [MEDIUM] Suspicious process detected: sh (PID: 2502637, Age: 04:05:34)
[2025-10-14 20:11:39] [MEDIUM] Suspicious process detected: sh (PID: 2508394, Age: 03:53:38)
[2025-10-14 20:11:39] [MEDIUM] Suspicious process detected: sh (PID: 2520147, Age: 03:26:36)
[2025-10-14 20:11:39] [MEDIUM] Suspicious process detected: sh (PID: 2532151, Age: 03:06:12)
[2025-10-14 20:11:39] [MEDIUM] Suspicious process detected: sh (PID: 2587809, Age: 59:57)
[2025-10-14 20:11:39] [MEDIUM] Suspicious process detected: sh (PID: 2607370, Age: 08:48)
[2025-10-14 20:11:39] [MEDIUM] Suspicious process detected: sh (PID: 2607657, Age: 08:35)
[2025-10-14 20:11:39] [MEDIUM] Suspicious process detected: sh (PID: 2608100, Age: 07:49)
[2025-10-14 20:11:39] [MEDIUM] Suspicious process detected: sh (PID: 2613370, Age: 03:22)
[2025-10-14 20:11:39] [MEDIUM] Suspicious process detected: sh (PID: 2614258, Age: 01:45)
[2025-10-14 20:11:39] [MEDIUM] Suspicious process detected: zsh (PID: 6508, Age: 7-08:18:34)
[2025-10-14 20:11:39] [MEDIUM] Suspicious process detected: zsh (PID: 13048, Age: 7-07:58:32)
[2025-10-14 20:11:39] [MEDIUM] Suspicious process detected: zsh (PID: 42258, Age: 7-05:56:04)
[2025-10-14 20:11:39] [MEDIUM] Suspicious process detected: zsh (PID: 441658, Age: 6-05:34:11)
[2025-10-14 20:11:39] [MEDIUM] Suspicious process detected: zsh (PID: 470955, Age: 6-04:33:00)
[2025-10-14 20:11:39] [MEDIUM] Suspicious process detected: zsh (PID: 504218, Age: 6-03:29:10)
[2025-10-14 20:11:39] [MEDIUM] Suspicious process detected: zsh (PID: 1088587, Age: 4-08:30:44)
[2025-10-14 20:11:39] [MEDIUM] Suspicious process detected: zsh (PID: 1219786, Age: 4-03:55:53)
[2025-10-14 20:11:39] [MEDIUM] Suspicious process detected: zsh (PID: 2293286, Age: 14:41:57)
[2025-10-14 20:11:40] [MEDIUM] Suspicious process detected: zsh (PID: 2478424, Age: 04:56:36)
[2025-10-14 20:11:40] [MEDIUM] Suspicious process detected: zsh (PID: 2520147, Age: 03:26:37)
[2025-10-14 20:11:40] [MEDIUM] Suspicious process detected: zsh (PID: 2532151, Age: 03:06:13)
[2025-10-14 20:11:40] [MEDIUM] Suspicious process detected: zsh (PID: 2607370, Age: 08:49)
[2025-10-14 20:11:40] [MEDIUM] Suspicious process detected: zsh (PID: 2613370, Age: 03:23)
[2025-10-14 20:11:40] Checking network connections...
